2025-12-05 19:45:52,552 | STATE: IDLE -> LISTENING reason=startup
2025-12-05 19:45:52,882 | SELF [RIGHT ] Slot 0 | SNR=60.0dB @ 1700Hz | IQ-Spin=None
2025-12-05 19:45:52,882 | Auto-Mode: SNR=60.0dB -> Upgrade to TURBO
2025-12-05 19:45:52,903 | TX_CQ TURBO [CENTER] @ 1500Hz | Pings=1 | Dur=0.20s | Peers=0 | SNR=60.0dB
2025-12-05 19:45:52,924 | Auto-Latency: 20ms (measured 20ms, median 20ms)
2025-12-05 19:45:54,125 | ACK_RX (PONG) detected | SNR=15.7dB
2025-12-05 19:45:55,313 | TX_CQ TURBO [CENTER] @ 1500Hz | Pings=1 | Dur=0.20s | Peers=0 | SNR=60.0dB
2025-12-05 19:45:56,025 | ACK_RX (PONG) detected | SNR=15.5dB
2025-12-05 19:45:57,691 | TX_CQ TURBO [CENTER] @ 1500Hz | Pings=1 | Dur=0.20s | Peers=0 | SNR=60.0dB
2025-12-05 19:45:58,262 | ACK_RX (PONG) detected | SNR=16.2dB
2025-12-05 19:45:59,226 | ACK_RX (PONG) detected | SNR=15.7dB
2025-12-05 19:46:00,088 | TX_CQ TURBO [CENTER] @ 1500Hz | Pings=1 | Dur=0.20s | Peers=0 | SNR=60.0dB
2025-12-05 19:46:00,179 | ACK_RX (PONG) detected | SNR=23.3dB
2025-12-05 19:46:01,508 | ACK_RX (PONG) detected | SNR=16.7dB
2025-12-05 19:46:02,490 | TX_CQ TURBO [CENTER] @ 1500Hz | Pings=1 | Dur=0.20s | Peers=0 | SNR=60.0dB
2025-12-05 19:46:02,767 | ACK_RX (PONG) detected | SNR=17.8dB
2025-12-05 19:46:03,726 | ACK_RX (PONG) detected | SNR=15.5dB
2025-12-05 19:46:04,367 | ACK_RX (PONG) detected | SNR=15.4dB
2025-12-05 19:46:04,909 | TX_CQ TURBO [CENTER] @ 1500Hz | Pings=1 | Dur=0.20s | Peers=0 | SNR=60.0dB
2025-12-05 19:46:05,310 | ACK_RX (PONG) detected | SNR=15.2dB
2025-12-05 19:46:06,267 | ACK_RX (PONG) detected | SNR=15.3dB
2025-12-05 19:46:06,929 | ACK_RX (PONG) detected | SNR=15.8dB
2025-12-05 19:46:07,299 | TX_CQ TURBO [CENTER] @ 1500Hz | Pings=1 | Dur=0.20s | Peers=0 | SNR=60.0dB
2025-12-05 19:46:08,847 | ACK_RX (PONG) detected | SNR=15.9dB
2025-12-05 19:46:09,480 | ACK_RX (PONG) detected | SNR=16.9dB
2025-12-05 19:46:09,713 | TX_CQ TURBO [CENTER] @ 1500Hz | Pings=1 | Dur=0.20s | Peers=0 | SNR=60.0dB
2025-12-05 19:46:11,970 | STATE: LISTENING -> DISCOVERY_TX reason=silence>2.0s+jitter
2025-12-05 19:46:12,097 | TX_CQ TURBO [CENTER] @ 1500Hz | Pings=1 | Dur=0.20s | Peers=0 | SNR=60.0dB
2025-12-05 19:46:12,989 | STATE: DISCOVERY_TX -> LISTENING reason=tx_window_end backoff=1.26s streak=1
2025-12-05 19:46:13,515 | ACK_RX (PONG) detected | SNR=15.3dB
2025-12-05 19:46:14,503 | TX_CQ TURBO [CENTER] @ 1500Hz | Pings=1 | Dur=0.20s | Peers=0 | SNR=60.0dB
2025-12-05 19:46:15,426 | ACK_RX (PONG) detected | SNR=15.4dB
2025-12-05 19:46:16,076 | ACK_RX (PONG) detected | SNR=16.1dB
2025-12-05 19:46:16,892 | TX_CQ TURBO [CENTER] @ 1500Hz | Pings=1 | Dur=0.20s | Peers=0 | SNR=60.0dB
2025-12-05 19:46:17,058 | ACK_RX (PONG) detected | SNR=15.1dB
2025-12-05 19:46:18,358 | ACK_RX (PONG) detected | SNR=16.0dB
2025-12-05 19:46:19,028 | ACK_RX (PONG) detected | SNR=16.0dB
2025-12-05 19:46:19,308 | TX_CQ TURBO [CENTER] @ 1500Hz | Pings=1 | Dur=0.20s | Peers=0 | SNR=60.0dB
2025-12-05 19:46:19,686 | ACK_RX (PONG) detected | SNR=17.6dB
2025-12-05 19:46:21,699 | TX_CQ TURBO [CENTER] @ 1500Hz | Pings=1 | Dur=0.20s | Peers=0 | SNR=60.0dB
2025-12-05 19:46:21,859 | ACK_RX (PONG) detected | SNR=15.8dB
2025-12-05 19:46:22,483 | ACK_RX (PONG) detected | SNR=16.5dB
2025-12-05 19:46:24,088 | TX_CQ TURBO [CENTER] @ 1500Hz | Pings=1 | Dur=0.20s | Peers=0 | SNR=60.0dB
2025-12-05 19:46:24,361 | ACK_RX (PONG) detected | SNR=18.6dB
2025-12-05 19:46:26,500 | TX_CQ TURBO [CENTER] @ 1500Hz | Pings=1 | Dur=0.20s | Peers=0 | SNR=60.0dB
2025-12-05 19:46:26,598 | ACK_RX (PONG) detected | SNR=15.9dB
2025-12-05 19:46:27,573 | ACK_RX (PONG) detected | SNR=16.1dB
2025-12-05 19:46:28,537 | ACK_RX (PONG) detected | SNR=15.4dB
2025-12-05 19:46:28,901 | TX_CQ TURBO [CENTER] @ 1500Hz | Pings=1 | Dur=0.20s | Peers=0 | SNR=60.0dB
2025-12-05 19:46:30,983 | STATE: LISTENING -> DISCOVERY_TX reason=silence>2.0s+jitter
2025-12-05 19:46:31,079 | ACK_RX (PONG) detected | SNR=15.4dB
2025-12-05 19:46:31,079 | STATE: DISCOVERY_TX -> CONNECTED reason=ack_rx (role=initiator)
2025-12-05 19:46:31,088 | ALE: CQ transmitted (ECHO_TEST initiator)
2025-12-05 19:46:31,088 | PARTY TX: [ECHO_TEST] @18:46:31.088 UTC -> ALL
2025-12-05 19:46:31,088 | CHAT TX: CQ CQ CQ DE ECHO_TEST
2025-12-05 19:46:31,109 | ALE: Exchange complete (ECHO_TEST initiator)
2025-12-05 19:46:31,352 | TX_CQ TURBO [CENTER] @ 1500Hz | Pings=1 | Dur=0.20s | Peers=0 | SNR=60.0dB
2025-12-05 19:46:31,352 | CHAT TX: [ECHO_TEST] @18:46:31.088 UTC -> ALL
2025-12-05 19:46:31,697 | ACK_RX (PONG) detected | SNR=16.1dB
2025-12-05 19:46:32,348 | ACK_RX (PONG) detected | SNR=15.3dB
2025-12-05 19:46:33,685 | TX_CQ TURBO [CENTER] @ 1500Hz | Pings=1 | Dur=0.20s | Peers=0 | SNR=60.0dB
2025-12-05 19:46:34,239 | ACK_RX (PONG) detected | SNR=15.3dB
2025-12-05 19:46:36,083 | TX_CQ TURBO [CENTER] @ 1500Hz | Pings=1 | Dur=0.20s | Peers=0 | SNR=60.0dB
2025-12-05 19:46:36,769 | ACK_RX (PONG) detected | SNR=15.3dB
2025-12-05 19:46:37,189 | PARTY TX: [ECHO_TEST] @18:46:37.189 UTC -> ALL
2025-12-05 19:46:37,189 | CHAT TX: [ECHO_TEST] @18:46:37.189 UTC -> ALL
2025-12-05 19:46:37,757 | ACK_RX (PONG) detected | SNR=16.9dB
2025-12-05 19:46:38,488 | TX_CQ TURBO [CENTER] @ 1500Hz | Pings=1 | Dur=0.20s | Peers=0 | SNR=60.0dB
2025-12-05 19:46:39,329 | ACK_RX (PONG) detected | SNR=17.0dB
2025-12-05 19:46:39,999 | ACK_RX (PONG) detected | SNR=15.9dB
2025-12-05 19:46:40,884 | TX_CQ TURBO [CENTER] @ 1500Hz | Pings=1 | Dur=0.20s | Peers=0 | SNR=60.0dB
2025-12-05 19:46:40,963 | ACK_RX (PONG) detected | SNR=15.8dB
2025-12-05 19:46:41,467 | PARTY TX: [ECHO_TEST] @18:46:41.467 UTC -> ALL
2025-12-05 19:46:41,469 | CHAT TX: [ECHO_TEST] @18:46:41.467 UTC -> ALL
2025-12-05 19:46:42,571 | ACK_RX (PONG) detected | SNR=15.3dB
2025-12-05 19:46:43,285 | TX_CQ TURBO [CENTER] @ 1500Hz | Pings=1 | Dur=0.20s | Peers=0 | SNR=60.0dB
2025-12-05 19:46:43,536 | ACK_RX (PONG) detected | SNR=16.3dB
2025-12-05 19:46:45,094 | ACK_RX (PONG) detected | SNR=20.1dB
2025-12-05 19:46:45,687 | TX_CQ TURBO [CENTER] @ 1500Hz | Pings=1 | Dur=0.20s | Peers=0 | SNR=60.0dB
2025-12-05 19:46:46,048 | ACK_RX (PONG) detected | SNR=15.0dB
2025-12-05 19:46:46,247 | PARTY TX: [ECHO_TEST] @18:46:46.247 UTC -> ALL
2025-12-05 19:46:46,247 | CHAT TX: [ECHO_TEST] @18:46:46.247 UTC -> ALL
2025-12-05 19:46:47,631 | ACK_RX (PONG) detected | SNR=18.4dB
2025-12-05 19:46:48,097 | TX_CQ TURBO [CENTER] @ 1500Hz | Pings=1 | Dur=0.20s | Peers=0 | SNR=60.0dB
2025-12-05 19:46:48,258 | ACK_RX (PONG) detected | SNR=16.0dB
2025-12-05 19:46:48,894 | ACK_RX (PONG) detected | SNR=17.9dB
2025-12-05 19:46:50,146 | ACK_RX (PONG) detected | SNR=16.6dB
2025-12-05 19:46:50,176 | PARTY TX: [ECHO_TEST] @18:46:50.176 UTC -> ALL
2025-12-05 19:46:50,176 | CHAT TX: [ECHO_TEST] @18:46:50.176 UTC -> ALL
2025-12-05 19:46:50,497 | TX_CQ TURBO [CENTER] @ 1500Hz | Pings=1 | Dur=0.20s | Peers=0 | SNR=60.0dB
2025-12-05 19:46:51,427 | ACK_RX (PONG) detected | SNR=15.7dB
2025-12-05 19:46:52,935 | TX_CQ TURBO [CENTER] @ 1500Hz | Pings=1 | Dur=0.20s | Peers=0 | SNR=60.0dB
2025-12-05 19:46:53,941 | ACK_RX (PONG) detected | SNR=16.6dB
2025-12-05 19:46:55,227 | ACK_RX (PONG) detected | SNR=15.3dB
2025-12-05 19:46:55,298 | TX_CQ TURBO [CENTER] @ 1500Hz | Pings=1 | Dur=0.20s | Peers=0 | SNR=60.0dB
2025-12-05 19:46:56,165 | PARTY TX: [ECHO_TEST] @18:46:56.165 UTC -> ALL
2025-12-05 19:46:56,165 | CHAT TX: [ECHO_TEST] @18:46:56.165 UTC -> ALL
2025-12-05 19:46:56,489 | ACK_RX (PONG) detected | SNR=15.6dB
2025-12-05 19:46:57,130 | ACK_RX (PONG) detected | SNR=15.0dB
2025-12-05 19:46:57,717 | TX_CQ TURBO [CENTER] @ 1500Hz | Pings=1 | Dur=0.20s | Peers=0 | SNR=60.0dB
2025-12-05 19:46:57,783 | ACK_RX (PONG) detected | SNR=16.7dB
2025-12-05 19:46:58,447 | ACK_RX (PONG) detected | SNR=15.4dB
2025-12-05 19:46:59,710 | ACK_RX (PONG) detected | SNR=16.7dB
2025-12-05 19:47:00,086 | TX_CQ TURBO [CENTER] @ 1500Hz | Pings=1 | Dur=0.20s | Peers=0 | SNR=60.0dB
2025-12-05 19:47:00,983 | ACK_RX (PONG) detected | SNR=15.1dB
2025-12-05 19:47:02,456 | PARTY TX: [ECHO_TEST] @18:47:02.456 UTC -> ALL
2025-12-05 19:47:02,457 | CHAT TX: HELLO SELF 421
2025-12-05 19:47:02,517 | TX_CQ TURBO [CENTER] @ 1500Hz | Pings=1 | Dur=0.20s | Peers=0 | SNR=60.0dB
2025-12-05 19:47:02,517 | CHAT TX: [ECHO_TEST] @18:47:02.456 UTC -> ALL
2025-12-05 19:47:03,572 | ACK_RX (PONG) detected | SNR=15.5dB
2025-12-05 19:47:04,901 | TX_CQ TURBO [CENTER] @ 1500Hz | Pings=1 | Dur=0.20s | Peers=0 | SNR=60.0dB
2025-12-05 19:47:05,442 | ACK_RX (PONG) detected | SNR=15.5dB
2025-12-05 19:47:07,318 | TX_CQ TURBO [CENTER] @ 1500Hz | Pings=1 | Dur=0.20s | Peers=0 | SNR=60.0dB
2025-12-05 19:47:07,318 | CHAT TX: HELLO SELF 427
2025-12-05 19:47:07,385 | ACK_RX (PONG) detected | SNR=15.7dB
2025-12-05 19:47:08,674 | ACK_RX (PONG) detected | SNR=15.8dB
2025-12-05 19:47:09,695 | TX_CQ TURBO [CENTER] @ 1500Hz | Pings=1 | Dur=0.20s | Peers=0 | SNR=60.0dB
2025-12-05 19:47:09,695 | CHAT TX: HELLO SELF 428
2025-12-05 19:47:10,283 | PARTY TX: [ECHO_TEST] @18:47:10.283 UTC -> ALL
2025-12-05 19:47:10,283 | CHAT TX: [ECHO_TEST] @18:47:10.283 UTC -> ALL
2025-12-05 19:47:10,890 | ACK_RX (PONG) detected | SNR=16.0dB
2025-12-05 19:47:12,112 | TX_CQ TURBO [CENTER] @ 1500Hz | Pings=1 | Dur=0.20s | Peers=0 | SNR=60.0dB
2025-12-05 19:47:12,113 | CHAT TX: HELLO SELF 431
2025-12-05 19:47:12,464 | ACK_RX (PONG) detected | SNR=15.3dB
2025-12-05 19:47:13,115 | ACK_RX (PONG) detected | SNR=15.9dB
2025-12-05 19:47:14,404 | ACK_RX (PONG) detected | SNR=16.0dB
2025-12-05 19:47:14,497 | TX_CQ TURBO [CENTER] @ 1500Hz | Pings=1 | Dur=0.20s | Peers=0 | SNR=60.0dB
2025-12-05 19:47:14,497 | CHAT TX: HELLO SELF 432
2025-12-05 19:47:15,369 | ACK_RX (PONG) detected | SNR=17.6dB
2025-12-05 19:47:16,917 | TX_CQ TURBO [CENTER] @ 1500Hz | Pings=1 | Dur=0.20s | Peers=0 | SNR=60.0dB
2025-12-05 19:47:16,917 | CHAT TX: HELLO SELF 433
2025-12-05 19:47:17,285 | ACK_RX (PONG) detected | SNR=16.1dB
2025-12-05 19:47:17,817 | PARTY TX: [ECHO_TEST] @18:47:17.817 UTC -> ALL
2025-12-05 19:47:17,817 | CHAT TX: [ECHO_TEST] @18:47:17.817 UTC -> ALL
2025-12-05 19:47:17,921 | ACK_RX (PONG) detected | SNR=15.8dB
2025-12-05 19:47:19,287 | TX_CQ TURBO [CENTER] @ 1500Hz | Pings=1 | Dur=0.20s | Peers=0 | SNR=60.0dB
2025-12-05 19:47:20,764 | ACK_RX (PONG) detected | SNR=15.9dB
2025-12-05 19:47:21,695 | TX_CQ TURBO [CENTER] @ 1500Hz | Pings=1 | Dur=0.20s | Peers=0 | SNR=60.0dB
2025-12-05 19:47:21,725 | ACK_RX (PONG) detected | SNR=16.7dB
2025-12-05 19:47:22,382 | ACK_RX (PONG) detected | SNR=15.9dB
2025-12-05 19:47:23,021 | ACK_RX (PONG) detected | SNR=17.4dB
2025-12-05 19:47:24,091 | TX_CQ TURBO [CENTER] @ 1500Hz | Pings=1 | Dur=0.20s | Peers=0 | SNR=60.0dB
2025-12-05 19:47:24,628 | ACK_RX (PONG) detected | SNR=15.0dB
2025-12-05 19:47:24,637 | PARTY TX: [ECHO_TEST] @18:47:24.637 UTC -> ALL
2025-12-05 19:47:24,637 | CHAT TX: [ECHO_TEST] @18:47:24.637 UTC -> ALL
2025-12-05 19:47:25,911 | ACK_RX (PONG) detected | SNR=15.1dB
2025-12-05 19:47:26,491 | TX_CQ TURBO [CENTER] @ 1500Hz | Pings=1 | Dur=0.20s | Peers=0 | SNR=60.0dB
2025-12-05 19:47:26,866 | ACK_RX (PONG) detected | SNR=15.5dB
2025-12-05 19:47:28,766 | ACK_RX (PONG) detected | SNR=15.7dB
2025-12-05 19:47:28,900 | TX_CQ TURBO [CENTER] @ 1500Hz | Pings=1 | Dur=0.20s | Peers=0 | SNR=60.0dB
